{"C:\\Users\\PiuchyHP\\Desktop\\test\\fizzbuzz.js": {"path":"C:\\Users\\PiuchyHP\\Desktop\\test\\fizzbuzz.js","all":false,"statementMap":{"0":{"start":{"line":1,"column":0},"end":{"line":1,"column":22}},"1":{"start":{"line":2,"column":0},"end":{"line":2,"column":1}},"2":{"start":{"line":3,"column":0},"end":{"line":3,"column":30}},"3":{"start":{"line":4,"column":0},"end":{"line":4,"column":53}},"4":{"start":{"line":5,"column":0},"end":{"line":5,"column":5}},"5":{"start":{"line":6,"column":0},"end":{"line":6,"column":59}},"6":{"start":{"line":7,"column":0},"end":{"line":7,"column":0}},"7":{"start":{"line":8,"column":0},"end":{"line":8,"column":20}},"8":{"start":{"line":9,"column":0},"end":{"line":9,"column":16}},"9":{"start":{"line":10,"column":0},"end":{"line":10,"column":5}},"10":{"start":{"line":11,"column":0},"end":{"line":11,"column":49}},"11":{"start":{"line":12,"column":0},"end":{"line":12,"column":25}},"12":{"start":{"line":13,"column":0},"end":{"line":13,"column":5}},"13":{"start":{"line":14,"column":0},"end":{"line":14,"column":28}},"14":{"start":{"line":15,"column":0},"end":{"line":15,"column":21}},"15":{"start":{"line":16,"column":0},"end":{"line":16,"column":5}},"16":{"start":{"line":17,"column":0},"end":{"line":17,"column":28}},"17":{"start":{"line":18,"column":0},"end":{"line":18,"column":21}},"18":{"start":{"line":19,"column":0},"end":{"line":19,"column":5}},"19":{"start":{"line":20,"column":0},"end":{"line":20,"column":14}},"20":{"start":{"line":21,"column":0},"end":{"line":21,"column":1}},"21":{"start":{"line":22,"column":0},"end":{"line":22,"column":19}},"22":{"start":{"line":23,"column":0},"end":{"line":23,"column":1}},"23":{"start":{"line":24,"column":0},"end":{"line":24,"column":36}},"24":{"start":{"line":25,"column":0},"end":{"line":25,"column":43}},"25":{"start":{"line":26,"column":0},"end":{"line":26,"column":0}},"26":{"start":{"line":27,"column":0},"end":{"line":27,"column":5}},"27":{"start":{"line":28,"column":0},"end":{"line":28,"column":1}},"28":{"start":{"line":29,"column":0},"end":{"line":29,"column":9}},"29":{"start":{"line":30,"column":0},"end":{"line":30,"column":25}}},"s":{"0":24,"1":24,"2":24,"3":1,"4":1,"5":23,"6":23,"7":24,"8":1,"9":1,"10":24,"11":2,"12":2,"13":24,"14":6,"15":6,"16":24,"17":4,"18":4,"19":10,"20":10,"21":1,"22":1,"23":1,"24":17,"25":17,"26":17,"27":1,"28":1,"29":1},"branchMap":{"0":{"type":"branch","line":1,"loc":{"start":{"line":1,"column":0},"end":{"line":21,"column":1}},"locations":[{"start":{"line":1,"column":0},"end":{"line":21,"column":1}}]},"1":{"type":"branch","line":3,"loc":{"start":{"line":3,"column":29},"end":{"line":5,"column":5}},"locations":[{"start":{"line":3,"column":29},"end":{"line":5,"column":5}}]},"2":{"type":"branch","line":6,"loc":{"start":{"line":6,"column":-2},"end":{"line":8,"column":8}},"locations":[{"start":{"line":6,"column":-2},"end":{"line":8,"column":8}}]},"3":{"type":"branch","line":8,"loc":{"start":{"line":8,"column":19},"end":{"line":10,"column":5}},"locations":[{"start":{"line":8,"column":19},"end":{"line":10,"column":5}}]},"4":{"type":"branch","line":11,"loc":{"start":{"line":11,"column":-2},"end":{"line":11,"column":17}},"locations":[{"start":{"line":11,"column":-2},"end":{"line":11,"column":17}}]},"5":{"type":"branch","line":11,"loc":{"start":{"line":11,"column":8},"end":{"line":11,"column":39}},"locations":[{"start":{"line":11,"column":8},"end":{"line":11,"column":39}}]},"6":{"type":"branch","line":11,"loc":{"start":{"line":11,"column":48},"end":{"line":13,"column":5}},"locations":[{"start":{"line":11,"column":48},"end":{"line":13,"column":5}}]},"7":{"type":"branch","line":14,"loc":{"start":{"line":14,"column":-2},"end":{"line":14,"column":8}},"locations":[{"start":{"line":14,"column":-2},"end":{"line":14,"column":8}}]},"8":{"type":"branch","line":14,"loc":{"start":{"line":14,"column":27},"end":{"line":16,"column":5}},"locations":[{"start":{"line":14,"column":27},"end":{"line":16,"column":5}}]},"9":{"type":"branch","line":17,"loc":{"start":{"line":17,"column":-2},"end":{"line":17,"column":8}},"locations":[{"start":{"line":17,"column":-2},"end":{"line":17,"column":8}}]},"10":{"type":"branch","line":17,"loc":{"start":{"line":17,"column":27},"end":{"line":19,"column":5}},"locations":[{"start":{"line":17,"column":27},"end":{"line":19,"column":5}}]},"11":{"type":"branch","line":20,"loc":{"start":{"line":20,"column":-2},"end":{"line":21,"column":1}},"locations":[{"start":{"line":20,"column":-2},"end":{"line":21,"column":1}}]},"12":{"type":"branch","line":6,"loc":{"start":{"line":6,"column":22},"end":{"line":6,"column":59}},"locations":[{"start":{"line":6,"column":22},"end":{"line":6,"column":59}}]},"13":{"type":"branch","line":22,"loc":{"start":{"line":22,"column":0},"end":{"line":28,"column":1}},"locations":[{"start":{"line":22,"column":0},"end":{"line":28,"column":1}}]},"14":{"type":"branch","line":24,"loc":{"start":{"line":24,"column":35},"end":{"line":27,"column":5}},"locations":[{"start":{"line":24,"column":35},"end":{"line":27,"column":5}}]}},"b":{"0":[24],"1":[1],"2":[23],"3":[1],"4":[22],"5":[8],"6":[2],"7":[20],"8":[6],"9":[14],"10":[4],"11":[10],"12":[64],"13":[1],"14":[17]},"fnMap":{"0":{"name":"fizzbuzz","decl":{"start":{"line":1,"column":0},"end":{"line":21,"column":1}},"loc":{"start":{"line":1,"column":0},"end":{"line":21,"column":1}},"line":1},"1":{"name":"multiplos","decl":{"start":{"line":6,"column":22},"end":{"line":6,"column":59}},"loc":{"start":{"line":6,"column":22},"end":{"line":6,"column":59}},"line":6},"2":{"name":"print","decl":{"start":{"line":22,"column":0},"end":{"line":28,"column":1}},"loc":{"start":{"line":22,"column":0},"end":{"line":28,"column":1}},"line":22}},"f":{"0":24,"1":64,"2":1}}
}
