TN:
SF:fizzbuzz.js
FN:1,fizzbuzz
FN:6,multiplos
FN:22,print
FNF:3
FNH:3
FNDA:24,fizzbuzz
FNDA:64,multiplos
FNDA:1,print
DA:1,24
DA:2,24
DA:3,24
DA:4,1
DA:5,1
DA:6,23
DA:7,23
DA:8,24
DA:9,1
DA:10,1
DA:11,24
DA:12,2
DA:13,2
DA:14,24
DA:15,6
DA:16,6
DA:17,24
DA:18,4
DA:19,4
DA:20,10
DA:21,10
DA:22,1
DA:23,1
DA:24,1
DA:25,17
DA:26,17
DA:27,17
DA:28,1
DA:29,1
DA:30,1
LF:30
LH:30
BRDA:1,0,0,24
BRDA:3,1,0,1
BRDA:6,2,0,23
BRDA:8,3,0,1
BRDA:11,4,0,22
BRDA:11,5,0,8
BRDA:11,6,0,2
BRDA:14,7,0,20
BRDA:14,8,0,6
BRDA:17,9,0,14
BRDA:17,10,0,4
BRDA:20,11,0,10
BRDA:6,12,0,64
BRDA:22,13,0,1
BRDA:24,14,0,17
BRF:15
BRH:15
end_of_record
